<?xml version="1.0" encoding="UTF-8"?>
<!-- Generated by org.testng.reporters.JUnitXMLReporter -->
<testsuite ignored="0" hostname="DESKTOP-9CA997L" failures="0" tests="5" name="Test" time="152.635" errors="0" timestamp="2025-02-05T11:10:11 IST">
  <testcase classname="pac1.sampleTest2" name="sampleTest" time="37.235"/>
  <testcase classname="pac1.sampleTest1" name="sampleTest" time="57.258"/>
  <testcase classname="pac1.sampleTest3" name="sampleTest" time="128.676"/>
  <testcase classname="pac1.sampleTest4" name="sampleTest" time="147.404"/>
  <testcase classname="pac1.sampleTest5" name="sampleTest" time="152.487"/>
</testsuite> <!-- Test -->
