<?xml version="1.0" encoding="UTF-8"?>
<testng-results ignored="0" total="5" passed="5" failed="0" skipped="0">
  <reporter-output>
  </reporter-output>
  <suite started-at="2025-02-05T11:07:38 IST" name="Suite" finished-at="2025-02-05T11:10:11 IST" duration-ms="152635">
    <groups>
    </groups>
    <test started-at="2025-02-05T11:07:38 IST" name="Test" finished-at="2025-02-05T11:10:11 IST" duration-ms="152635">
      <class name="pac1.sampleTest5">
        <test-method signature="sampleTest()[pri:0, instance:pac1.sampleTest5@68c9133c]" started-at="2025-02-05T11:07:38 IST" name="sampleTest" finished-at="2025-02-05T11:10:10 IST" duration-ms="152487" status="PASS">
          <reporter-output>
          </reporter-output>
        </test-method> <!-- sampleTest -->
      </class> <!-- pac1.sampleTest5 -->
      <class name="pac1.sampleTest3">
        <test-method signature="sampleTest()[pri:0, instance:pac1.sampleTest3@8458f04]" started-at="2025-02-05T11:07:38 IST" name="sampleTest" finished-at="2025-02-05T11:09:47 IST" duration-ms="128676" status="PASS">
          <reporter-output>
          </reporter-output>
        </test-method> <!-- sampleTest -->
      </class> <!-- pac1.sampleTest3 -->
      <class name="pac1.sampleTest4">
        <test-method signature="sampleTest()[pri:0, instance:pac1.sampleTest4@48075da3]" started-at="2025-02-05T11:07:38 IST" name="sampleTest" finished-at="2025-02-05T11:10:05 IST" duration-ms="147404" status="PASS">
          <reporter-output>
          </reporter-output>
        </test-method> <!-- sampleTest -->
      </class> <!-- pac1.sampleTest4 -->
      <class name="pac1.sampleTest1">
        <test-method signature="sampleTest()[pri:0, instance:pac1.sampleTest1@75437611]" started-at="2025-02-05T11:07:38 IST" name="sampleTest" finished-at="2025-02-05T11:08:35 IST" duration-ms="57258" status="PASS">
          <reporter-output>
          </reporter-output>
        </test-method> <!-- sampleTest -->
      </class> <!-- pac1.sampleTest1 -->
      <class name="pac1.sampleTest2">
        <test-method signature="sampleTest()[pri:0, instance:pac1.sampleTest2@606e4010]" started-at="2025-02-05T11:07:38 IST" name="sampleTest" finished-at="2025-02-05T11:08:15 IST" duration-ms="37235" status="PASS">
          <reporter-output>
          </reporter-output>
        </test-method> <!-- sampleTest -->
      </class> <!-- pac1.sampleTest2 -->
    </test> <!-- Test -->
  </suite> <!-- Suite -->
</testng-results>
